Base path: '/Users/austinwest/Desktop/PersonalProjects/Unity/2019.3.14f1/Unity.app/Contents', plugins path '/Users/austinwest/Desktop/PersonalProjects/Unity/2019.3.14f1/PlaybackEngines'
Cmd: initializeCompiler
Cmd: compileComputeKernel
  api=18 insize=18731 outsize=56687 ok=1
Cmd: translateComputeKernel
  api=14 insize=11282 outsize=24776 ok=1
Cmd: compileComputeKernel
  api=14 insize=1505 outsize=1199 ok=1
Cmd: compileComputeKernel
  api=18 insize=5032 outsize=24708 ok=1
Cmd: compileComputeKernel
  api=14 insize=1864 outsize=1997 ok=1
Cmd: translateComputeKernel
  api=14 insize=1997 outsize=3520 ok=1
Cmd: compileComputeKernel
  api=18 insize=11176 outsize=40108 ok=1
Cmd: compileComputeKernel
  api=14 insize=2120 outsize=1477 ok=1
Cmd: translateComputeKernel
  api=14 insize=1472 outsize=2318 ok=1
Cmd: translateComputeKernel
  api=14 insize=876 outsize=807 ok=1
